生成启动时间为 2016/11/15 13:48:57。
     1>项目“D:\projects\raster_shp\raster_shp\raster_shp.vcxproj”在节点 2 上(build 个目标)。
     1>InitializeBuildStatus:
         正在对“Debug\raster_shp.unsuccessfulbuild”执行 Touch 任务。
       ClCompile:
         所有输出均为最新。
         D:\Program Files (x86)\Microsoft Visual Studio 10.0\VC\bin\CL.exe /c /ZI /nologo /W3 /WX- /Od /Oy- /D WIN32 /D _DEBUG /D _CONSOLE /D _UNICODE /D UNICODE /Gm /EHsc /RTC1 /MDd /GS /fp:precise /Zc:wchar_t /Zc:forScope /Yu"StdAfx.h" /Fp"Debug\raster_shp.pch" /Fo"Debug\\" /Fd"Debug\vc100.pdb" /Gd /TP /analyze- /errorReport:prompt raster_shp.cpp
         raster_shp.cpp
     1>d:\projects\raster_shp\raster_shp\raster_shp.cpp(5): error C3872: “0xa0”: 此字符不允许在标识符中使用
     1>d:\projects\raster_shp\raster_shp\raster_shp.cpp(5): fatal error C1021: 无效的预处理器命令“include ”
     1>已完成生成项目“D:\projects\raster_shp\raster_shp\raster_shp.vcxproj”(build 个目标)的操作 - 失败。

生成失败。

已用时间 00:00:00.12
